ARM GAS  /tmp/cc1LWRgp.s 			page 1


   1              		.cpu cortex-m3
   2              		.eabi_attribute 20, 1
   3              		.eabi_attribute 21, 1
   4              		.eabi_attribute 23, 3
   5              		.eabi_attribute 24, 1
   6              		.eabi_attribute 25, 1
   7              		.eabi_attribute 26, 1
   8              		.eabi_attribute 30, 1
   9              		.eabi_attribute 34, 1
  10              		.eabi_attribute 18, 4
  11              		.file	"led.c"
  12              		.text
  13              	.Ltext0:
  14              		.cfi_sections	.debug_frame
  15              		.section	.text.led_init,"ax",%progbits
  16              		.align	1
  17              		.global	led_init
  18              		.syntax unified
  19              		.thumb
  20              		.thumb_func
  21              		.fpu softvfp
  23              	led_init:
  24              	.LFB65:
  25              		.file 1 "Hardware/Src/led.c"
   1:Hardware/Src/led.c **** #include "led.h"
   2:Hardware/Src/led.c **** 
   3:Hardware/Src/led.c **** void led_init(void)
   4:Hardware/Src/led.c **** {
  26              		.loc 1 4 0
  27              		.cfi_startproc
  28              		@ args = 0, pretend = 0, frame = 24
  29              		@ frame_needed = 0, uses_anonymous_args = 0
  30 0000 00B5     		push	{lr}
  31              	.LCFI0:
  32              		.cfi_def_cfa_offset 4
  33              		.cfi_offset 14, -4
  34 0002 87B0     		sub	sp, sp, #28
  35              	.LCFI1:
  36              		.cfi_def_cfa_offset 32
  37              	.LBB2:
   5:Hardware/Src/led.c ****   GPIO_InitTypeDef GPIO_InitStruct;
   6:Hardware/Src/led.c ****   __HAL_RCC_GPIOC_CLK_ENABLE();
  38              		.loc 1 6 0
  39 0004 0C4B     		ldr	r3, .L3
  40 0006 9A69     		ldr	r2, [r3, #24]
  41 0008 42F01002 		orr	r2, r2, #16
  42 000c 9A61     		str	r2, [r3, #24]
  43 000e 9B69     		ldr	r3, [r3, #24]
  44 0010 03F01003 		and	r3, r3, #16
  45 0014 0193     		str	r3, [sp, #4]
  46 0016 019B     		ldr	r3, [sp, #4]
  47              	.LBE2:
   7:Hardware/Src/led.c ****   GPIO_InitStruct.Pin = GPIO_PIN_13;
  48              		.loc 1 7 0
  49 0018 4FF40053 		mov	r3, #8192
  50 001c 0293     		str	r3, [sp, #8]
   8:Hardware/Src/led.c ****   GPIO_InitStruct.Mode = GPIO_MODE_OUTPUT_PP;
ARM GAS  /tmp/cc1LWRgp.s 			page 2


  51              		.loc 1 8 0
  52 001e 0123     		movs	r3, #1
  53 0020 0393     		str	r3, [sp, #12]
   9:Hardware/Src/led.c ****   GPIO_InitStruct.Pull = GPIO_PULLUP;
  54              		.loc 1 9 0
  55 0022 0493     		str	r3, [sp, #16]
  10:Hardware/Src/led.c ****   GPIO_InitStruct.Speed = GPIO_SPEED_HIGH;
  56              		.loc 1 10 0
  57 0024 0323     		movs	r3, #3
  58 0026 0593     		str	r3, [sp, #20]
  11:Hardware/Src/led.c **** 
  12:Hardware/Src/led.c ****   HAL_GPIO_Init(GPIOC, &GPIO_InitStruct);                                             /* ¹Ø±Õ L
  59              		.loc 1 12 0
  60 0028 02A9     		add	r1, sp, #8
  61 002a 0448     		ldr	r0, .L3+4
  62 002c FFF7FEFF 		bl	HAL_GPIO_Init
  63              	.LVL0:
  13:Hardware/Src/led.c **** }...
  64              		.loc 1 13 0
  65 0030 07B0     		add	sp, sp, #28
  66              	.LCFI2:
  67              		.cfi_def_cfa_offset 4
  68              		@ sp needed
  69 0032 5DF804FB 		ldr	pc, [sp], #4
  70              	.L4:
  71 0036 00BF     		.align	2
  72              	.L3:
  73 0038 00100240 		.word	1073876992
  74 003c 00100140 		.word	1073811456
  75              		.cfi_endproc
  76              	.LFE65:
  78              		.text
  79              	.Letext0:
  80              		.file 2 "/usr/include/newlib/machine/_default_types.h"
  81              		.file 3 "/usr/include/newlib/sys/_stdint.h"
  82              		.file 4 "Drivers/CMSIS/Include/core_cm3.h"
  83              		.file 5 "Drivers/CMSIS/Device/ST/STM32F1xx/Include/system_stm32f1xx.h"
  84              		.file 6 "Drivers/CMSIS/Device/ST/STM32F1xx/Include/stm32f101x6.h"
  85              		.file 7 "Drivers/STM32F1xx_HAL_Driver/Inc/stm32f1xx_hal_gpio.h"
  86              		.file 8 "Drivers/STM32F1xx_HAL_Driver/Inc/stm32f1xx_hal.h"
ARM GAS  /tmp/cc1LWRgp.s 			page 3


DEFINED SYMBOLS
                            *ABS*:0000000000000000 led.c
     /tmp/cc1LWRgp.s:16     .text.led_init:0000000000000000 $t
     /tmp/cc1LWRgp.s:23     .text.led_init:0000000000000000 led_init
     /tmp/cc1LWRgp.s:73     .text.led_init:0000000000000038 $d
                     .debug_frame:0000000000000010 $d

UNDEFINED SYMBOLS
HAL_GPIO_Init
