ARM GAS  /tmp/ccUEuOTH.s 			page 1


   1              		.cpu cortex-m3
   2              		.eabi_attribute 20, 1
   3              		.eabi_attribute 21, 1
   4              		.eabi_attribute 23, 3
   5              		.eabi_attribute 24, 1
   6              		.eabi_attribute 25, 1
   7              		.eabi_attribute 26, 1
   8              		.eabi_attribute 30, 1
   9              		.eabi_attribute 34, 1
  10              		.eabi_attribute 18, 4
  11              		.file	"main.c"
  12              		.text
  13              	.Ltext0:
  14              		.cfi_sections	.debug_frame
  15              		.section	.text.main,"ax",%progbits
  16              		.align	1
  17              		.global	main
  18              		.syntax unified
  19              		.thumb
  20              		.thumb_func
  21              		.fpu softvfp
  23              	main:
  24              	.LFB65:
  25              		.file 1 "User/Src/main.c"
   1:User/Src/main.c **** #include "main.h"
   2:User/Src/main.c **** #include "led.h"
   3:User/Src/main.c **** 
   4:User/Src/main.c **** int main(void)
   5:User/Src/main.c **** {
  26              		.loc 1 5 0
  27              		.cfi_startproc
  28              		@ Volatile: function does not return.
  29              		@ args = 0, pretend = 0, frame = 0
  30              		@ frame_needed = 0, uses_anonymous_args = 0
  31 0000 08B5     		push	{r3, lr}
  32              	.LCFI0:
  33              		.cfi_def_cfa_offset 8
  34              		.cfi_offset 3, -8
  35              		.cfi_offset 14, -4
   6:User/Src/main.c **** 
   7:User/Src/main.c ****   /* Reset of all peripherals, Initializes the Flash interface and the Systick. */
   8:User/Src/main.c ****   HAL_Init();
  36              		.loc 1 8 0
  37 0002 FFF7FEFF 		bl	HAL_Init
  38              	.LVL0:
   9:User/Src/main.c **** 
  10:User/Src/main.c ****   /* Configure the system clock */
  11:User/Src/main.c ****   sys_stm32_clock_init();
  39              		.loc 1 11 0
  40 0006 FFF7FEFF 		bl	sys_stm32_clock_init
  41              	.LVL1:
  12:User/Src/main.c **** 
  13:User/Src/main.c ****   led_init();
  42              		.loc 1 13 0
  43 000a FFF7FEFF 		bl	led_init
  44              	.LVL2:
  45              	.L2:
ARM GAS  /tmp/ccUEuOTH.s 			page 2


  14:User/Src/main.c **** 
  15:User/Src/main.c ****   while (1)
  16:User/Src/main.c ****   {
  17:User/Src/main.c ****     HAL_Delay(200);
  46              		.loc 1 17 0 discriminator 1
  47 000e C820     		movs	r0, #200
  48 0010 FFF7FEFF 		bl	HAL_Delay
  49              	.LVL3:
  18:User/Src/main.c ****     HAL_GPIO_WritePin(GPIOC, GPIO_PIN_13, RESET);    
  50              		.loc 1 18 0 discriminator 1
  51 0014 084C     		ldr	r4, .L4
  52 0016 0022     		movs	r2, #0
  53 0018 4FF40051 		mov	r1, #8192
  54 001c 2046     		mov	r0, r4
  55 001e FFF7FEFF 		bl	HAL_GPIO_WritePin
  56              	.LVL4:
  19:User/Src/main.c ****     HAL_Delay(200);
  57              		.loc 1 19 0 discriminator 1
  58 0022 C820     		movs	r0, #200
  59 0024 FFF7FEFF 		bl	HAL_Delay
  60              	.LVL5:
  20:User/Src/main.c ****     HAL_GPIO_WritePin(GPIOC, GPIO_PIN_13, SET);    
  61              		.loc 1 20 0 discriminator 1
  62 0028 0122     		movs	r2, #1
  63 002a 4FF40051 		mov	r1, #8192
  64 002e 2046     		mov	r0, r4
  65 0030 FFF7FEFF 		bl	HAL_GPIO_WritePin
  66              	.LVL6:
  67 0034 EBE7     		b	.L2
  68              	.L5:
  69 0036 00BF     		.align	2
  70              	.L4:
  71 0038 00100140 		.word	1073811456
  72              		.cfi_endproc
  73              	.LFE65:
  75              		.text
  76              	.Letext0:
  77              		.file 2 "/usr/include/newlib/machine/_default_types.h"
  78              		.file 3 "/usr/include/newlib/sys/_stdint.h"
  79              		.file 4 "Drivers/CMSIS/Include/core_cm3.h"
  80              		.file 5 "Drivers/CMSIS/Device/ST/STM32F1xx/Include/system_stm32f1xx.h"
  81              		.file 6 "Drivers/CMSIS/Device/ST/STM32F1xx/Include/stm32f101x6.h"
  82              		.file 7 "Drivers/CMSIS/Device/ST/STM32F1xx/Include/stm32f1xx.h"
  83              		.file 8 "Drivers/STM32F1xx_HAL_Driver/Inc/stm32f1xx_hal.h"
  84              		.file 9 "System/Inc/sys.h"
  85              		.file 10 "Hardware/Inc/led.h"
  86              		.file 11 "Drivers/STM32F1xx_HAL_Driver/Inc/stm32f1xx_hal_gpio.h"
ARM GAS  /tmp/ccUEuOTH.s 			page 3


DEFINED SYMBOLS
                            *ABS*:0000000000000000 main.c
     /tmp/ccUEuOTH.s:16     .text.main:0000000000000000 $t
     /tmp/ccUEuOTH.s:23     .text.main:0000000000000000 main
     /tmp/ccUEuOTH.s:71     .text.main:0000000000000038 $d
                     .debug_frame:0000000000000010 $d

UNDEFINED SYMBOLS
HAL_Init
sys_stm32_clock_init
led_init
HAL_Delay
HAL_GPIO_WritePin
