ARM GAS  /tmp/cc7PDJ7M.s 			page 1


   1              		.cpu cortex-m3
   2              		.eabi_attribute 20, 1
   3              		.eabi_attribute 21, 1
   4              		.eabi_attribute 23, 3
   5              		.eabi_attribute 24, 1
   6              		.eabi_attribute 25, 1
   7              		.eabi_attribute 26, 1
   8              		.eabi_attribute 30, 1
   9              		.eabi_attribute 34, 1
  10              		.eabi_attribute 18, 4
  11              		.file	"sys.c"
  12              		.text
  13              	.Ltext0:
  14              		.cfi_sections	.debug_frame
  15              		.section	.text.Error_Handler,"ax",%progbits
  16              		.align	1
  17              		.global	Error_Handler
  18              		.syntax unified
  19              		.thumb
  20              		.thumb_func
  21              		.fpu softvfp
  23              	Error_Handler:
  24              	.LFB66:
  25              		.file 1 "System/Src/sys.c"
   1:System/Src/sys.c **** #include "sys.h"
   2:System/Src/sys.c **** 
   3:System/Src/sys.c **** 
   4:System/Src/sys.c **** 
   5:System/Src/sys.c **** /**
   6:System/Src/sys.c ****  * @brief System Clock Configuration
   7:System/Src/sys.c ****  * @retval None
   8:System/Src/sys.c ****  */
   9:System/Src/sys.c **** void sys_stm32_clock_init(void)
  10:System/Src/sys.c **** {
  11:System/Src/sys.c ****     RCC_OscInitTypeDef RCC_OscInitStruct = {0};
  12:System/Src/sys.c ****     RCC_ClkInitTypeDef RCC_ClkInitStruct = {0};
  13:System/Src/sys.c **** 
  14:System/Src/sys.c ****     /** Initializes the RCC Oscillators according to the specified parameters
  15:System/Src/sys.c ****      * in the RCC_OscInitTypeDef structure.
  16:System/Src/sys.c ****      */
  17:System/Src/sys.c ****     RCC_OscInitStruct.OscillatorType = RCC_OSCILLATORTYPE_HSI;
  18:System/Src/sys.c ****     RCC_OscInitStruct.HSIState = RCC_HSI_ON;
  19:System/Src/sys.c ****     RCC_OscInitStruct.HSICalibrationValue = RCC_HSICALIBRATION_DEFAULT;
  20:System/Src/sys.c ****     RCC_OscInitStruct.PLL.PLLState = RCC_PLL_NONE;
  21:System/Src/sys.c ****     if (HAL_RCC_OscConfig(&RCC_OscInitStruct) != HAL_OK)
  22:System/Src/sys.c ****     {
  23:System/Src/sys.c ****         Error_Handler();
  24:System/Src/sys.c ****     }
  25:System/Src/sys.c **** 
  26:System/Src/sys.c ****     /** Initializes the CPU, AHB and APB buses clocks
  27:System/Src/sys.c ****      */
  28:System/Src/sys.c ****     RCC_ClkInitStruct.ClockType = RCC_CLOCKTYPE_HCLK | RCC_CLOCKTYPE_SYSCLK | RCC_CLOCKTYPE_PCLK1 |
  29:System/Src/sys.c ****     RCC_ClkInitStruct.SYSCLKSource = RCC_SYSCLKSOURCE_HSI;
  30:System/Src/sys.c ****     RCC_ClkInitStruct.AHBCLKDivider = RCC_SYSCLK_DIV1;
  31:System/Src/sys.c ****     RCC_ClkInitStruct.APB1CLKDivider = RCC_HCLK_DIV1;
  32:System/Src/sys.c ****     RCC_ClkInitStruct.APB2CLKDivider = RCC_HCLK_DIV1;
  33:System/Src/sys.c **** 
ARM GAS  /tmp/cc7PDJ7M.s 			page 2


  34:System/Src/sys.c ****     if (HAL_RCC_ClockConfig(&RCC_ClkInitStruct, FLASH_LATENCY_0) != HAL_OK)
  35:System/Src/sys.c ****     {
  36:System/Src/sys.c ****         Error_Handler();
  37:System/Src/sys.c ****     }
  38:System/Src/sys.c **** }
  39:System/Src/sys.c **** 
  40:System/Src/sys.c **** /* USER CODE BEGIN 4 */
  41:System/Src/sys.c **** 
  42:System/Src/sys.c **** /* USER CODE END 4 */
  43:System/Src/sys.c **** 
  44:System/Src/sys.c **** /**
  45:System/Src/sys.c ****  * @brief  This function is executed in case of error occurrence.
  46:System/Src/sys.c ****  * @retval None
  47:System/Src/sys.c ****  */
  48:System/Src/sys.c **** void Error_Handler(void)
  49:System/Src/sys.c **** {
  26              		.loc 1 49 0
  27              		.cfi_startproc
  28              		@ Volatile: function does not return.
  29              		@ args = 0, pretend = 0, frame = 0
  30              		@ frame_needed = 0, uses_anonymous_args = 0
  31              		@ link register save eliminated.
  32              	.LBB4:
  33              	.LBB5:
  34              		.file 2 "Drivers/CMSIS/Include/cmsis_gcc.h"
   1:Drivers/CMSIS/Include/cmsis_gcc.h **** /**************************************************************************//**
   2:Drivers/CMSIS/Include/cmsis_gcc.h ****  * @file     cmsis_gcc.h
   3:Drivers/CMSIS/Include/cmsis_gcc.h ****  * @brief    CMSIS compiler GCC header file
   4:Drivers/CMSIS/Include/cmsis_gcc.h ****  * @version  V5.0.4
   5:Drivers/CMSIS/Include/cmsis_gcc.h ****  * @date     09. April 2018
   6:Drivers/CMSIS/Include/cmsis_gcc.h ****  ******************************************************************************/
   7:Drivers/CMSIS/Include/cmsis_gcc.h **** /*
   8:Drivers/CMSIS/Include/cmsis_gcc.h ****  * Copyright (c) 2009-2018 Arm Limited. All rights reserved.
   9:Drivers/CMSIS/Include/cmsis_gcc.h ****  *
  10:Drivers/CMSIS/Include/cmsis_gcc.h ****  * SPDX-License-Identifier: Apache-2.0
  11:Drivers/CMSIS/Include/cmsis_gcc.h ****  *
  12:Drivers/CMSIS/Include/cmsis_gcc.h ****  * Licensed under the Apache License, Version 2.0 (the License); you may
  13:Drivers/CMSIS/Include/cmsis_gcc.h ****  * not use this file except in compliance with the License.
  14:Drivers/CMSIS/Include/cmsis_gcc.h ****  * You may obtain a copy of the License at
  15:Drivers/CMSIS/Include/cmsis_gcc.h ****  *
  16:Drivers/CMSIS/Include/cmsis_gcc.h ****  * www.apache.org/licenses/LICENSE-2.0
  17:Drivers/CMSIS/Include/cmsis_gcc.h ****  *
  18:Drivers/CMSIS/Include/cmsis_gcc.h ****  * Unless required by applicable law or agreed to in writing, software
  19:Drivers/CMSIS/Include/cmsis_gcc.h ****  * distributed under the License is distributed on an AS IS BASIS, WITHOUT
  20:Drivers/CMSIS/Include/cmsis_gcc.h ****  * WARRANTIES OR CONDITIONS OF ANY KIND, either express or implied.
  21:Drivers/CMSIS/Include/cmsis_gcc.h ****  * See the License for the specific language governing permissions and
  22:Drivers/CMSIS/Include/cmsis_gcc.h ****  * limitations under the License.
  23:Drivers/CMSIS/Include/cmsis_gcc.h ****  */
  24:Drivers/CMSIS/Include/cmsis_gcc.h **** 
  25:Drivers/CMSIS/Include/cmsis_gcc.h **** #ifndef __CMSIS_GCC_H
  26:Drivers/CMSIS/Include/cmsis_gcc.h **** #define __CMSIS_GCC_H
  27:Drivers/CMSIS/Include/cmsis_gcc.h **** 
  28:Drivers/CMSIS/Include/cmsis_gcc.h **** /* ignore some GCC warnings */
  29:Drivers/CMSIS/Include/cmsis_gcc.h **** #pragma GCC diagnostic push
  30:Drivers/CMSIS/Include/cmsis_gcc.h **** #pragma GCC diagnostic ignored "-Wsign-conversion"
  31:Drivers/CMSIS/Include/cmsis_gcc.h **** #pragma GCC diagnostic ignored "-Wconversion"
  32:Drivers/CMSIS/Include/cmsis_gcc.h **** #pragma GCC diagnostic ignored "-Wunused-parameter"
ARM GAS  /tmp/cc7PDJ7M.s 			page 3


  33:Drivers/CMSIS/Include/cmsis_gcc.h **** 
  34:Drivers/CMSIS/Include/cmsis_gcc.h **** /* Fallback for __has_builtin */
  35:Drivers/CMSIS/Include/cmsis_gcc.h **** #ifndef __has_builtin
  36:Drivers/CMSIS/Include/cmsis_gcc.h ****   #define __has_builtin(x) (0)
  37:Drivers/CMSIS/Include/cmsis_gcc.h **** #endif
  38:Drivers/CMSIS/Include/cmsis_gcc.h **** 
  39:Drivers/CMSIS/Include/cmsis_gcc.h **** /* CMSIS compiler specific defines */
  40:Drivers/CMSIS/Include/cmsis_gcc.h **** #ifndef   __ASM
  41:Drivers/CMSIS/Include/cmsis_gcc.h ****   #define __ASM                                  __asm
  42:Drivers/CMSIS/Include/cmsis_gcc.h **** #endif
  43:Drivers/CMSIS/Include/cmsis_gcc.h **** #ifndef   __INLINE
  44:Drivers/CMSIS/Include/cmsis_gcc.h ****   #define __INLINE                               inline
  45:Drivers/CMSIS/Include/cmsis_gcc.h **** #endif
  46:Drivers/CMSIS/Include/cmsis_gcc.h **** #ifndef   __STATIC_INLINE
  47:Drivers/CMSIS/Include/cmsis_gcc.h ****   #define __STATIC_INLINE                        static inline
  48:Drivers/CMSIS/Include/cmsis_gcc.h **** #endif
  49:Drivers/CMSIS/Include/cmsis_gcc.h **** #ifndef   __STATIC_FORCEINLINE                 
  50:Drivers/CMSIS/Include/cmsis_gcc.h ****   #define __STATIC_FORCEINLINE                   __attribute__((always_inline)) static inline
  51:Drivers/CMSIS/Include/cmsis_gcc.h **** #endif                                           
  52:Drivers/CMSIS/Include/cmsis_gcc.h **** #ifndef   __NO_RETURN
  53:Drivers/CMSIS/Include/cmsis_gcc.h ****   #define __NO_RETURN                            __attribute__((__noreturn__))
  54:Drivers/CMSIS/Include/cmsis_gcc.h **** #endif
  55:Drivers/CMSIS/Include/cmsis_gcc.h **** #ifndef   __USED
  56:Drivers/CMSIS/Include/cmsis_gcc.h ****   #define __USED                                 __attribute__((used))
  57:Drivers/CMSIS/Include/cmsis_gcc.h **** #endif
  58:Drivers/CMSIS/Include/cmsis_gcc.h **** #ifndef   __WEAK
  59:Drivers/CMSIS/Include/cmsis_gcc.h ****   #define __WEAK                                 __attribute__((weak))
  60:Drivers/CMSIS/Include/cmsis_gcc.h **** #endif
  61:Drivers/CMSIS/Include/cmsis_gcc.h **** #ifndef   __PACKED
  62:Drivers/CMSIS/Include/cmsis_gcc.h ****   #define __PACKED                               __attribute__((packed, aligned(1)))
  63:Drivers/CMSIS/Include/cmsis_gcc.h **** #endif
  64:Drivers/CMSIS/Include/cmsis_gcc.h **** #ifndef   __PACKED_STRUCT
  65:Drivers/CMSIS/Include/cmsis_gcc.h ****   #define __PACKED_STRUCT                        struct __attribute__((packed, aligned(1)))
  66:Drivers/CMSIS/Include/cmsis_gcc.h **** #endif
  67:Drivers/CMSIS/Include/cmsis_gcc.h **** #ifndef   __PACKED_UNION
  68:Drivers/CMSIS/Include/cmsis_gcc.h ****   #define __PACKED_UNION                         union __attribute__((packed, aligned(1)))
  69:Drivers/CMSIS/Include/cmsis_gcc.h **** #endif
  70:Drivers/CMSIS/Include/cmsis_gcc.h **** #ifndef   __UNALIGNED_UINT32        /* deprecated */
  71:Drivers/CMSIS/Include/cmsis_gcc.h ****   #pragma GCC diagnostic push
  72:Drivers/CMSIS/Include/cmsis_gcc.h ****   #pragma GCC diagnostic ignored "-Wpacked"
  73:Drivers/CMSIS/Include/cmsis_gcc.h ****   #pragma GCC diagnostic ignored "-Wattributes"
  74:Drivers/CMSIS/Include/cmsis_gcc.h ****   struct __attribute__((packed)) T_UINT32 { uint32_t v; };
  75:Drivers/CMSIS/Include/cmsis_gcc.h ****   #pragma GCC diagnostic pop
  76:Drivers/CMSIS/Include/cmsis_gcc.h ****   #define __UNALIGNED_UINT32(x)                  (((struct T_UINT32 *)(x))->v)
  77:Drivers/CMSIS/Include/cmsis_gcc.h **** #endif
  78:Drivers/CMSIS/Include/cmsis_gcc.h **** #ifndef   __UNALIGNED_UINT16_WRITE
  79:Drivers/CMSIS/Include/cmsis_gcc.h ****   #pragma GCC diagnostic push
  80:Drivers/CMSIS/Include/cmsis_gcc.h ****   #pragma GCC diagnostic ignored "-Wpacked"
  81:Drivers/CMSIS/Include/cmsis_gcc.h ****   #pragma GCC diagnostic ignored "-Wattributes"
  82:Drivers/CMSIS/Include/cmsis_gcc.h ****   __PACKED_STRUCT T_UINT16_WRITE { uint16_t v; };
  83:Drivers/CMSIS/Include/cmsis_gcc.h ****   #pragma GCC diagnostic pop
  84:Drivers/CMSIS/Include/cmsis_gcc.h ****   #define __UNALIGNED_UINT16_WRITE(addr, val)    (void)((((struct T_UINT16_WRITE *)(void *)(addr))-
  85:Drivers/CMSIS/Include/cmsis_gcc.h **** #endif
  86:Drivers/CMSIS/Include/cmsis_gcc.h **** #ifndef   __UNALIGNED_UINT16_READ
  87:Drivers/CMSIS/Include/cmsis_gcc.h ****   #pragma GCC diagnostic push
  88:Drivers/CMSIS/Include/cmsis_gcc.h ****   #pragma GCC diagnostic ignored "-Wpacked"
  89:Drivers/CMSIS/Include/cmsis_gcc.h ****   #pragma GCC diagnostic ignored "-Wattributes"
ARM GAS  /tmp/cc7PDJ7M.s 			page 4


  90:Drivers/CMSIS/Include/cmsis_gcc.h ****   __PACKED_STRUCT T_UINT16_READ { uint16_t v; };
  91:Drivers/CMSIS/Include/cmsis_gcc.h ****   #pragma GCC diagnostic pop
  92:Drivers/CMSIS/Include/cmsis_gcc.h ****   #define __UNALIGNED_UINT16_READ(addr)          (((const struct T_UINT16_READ *)(const void *)(add
  93:Drivers/CMSIS/Include/cmsis_gcc.h **** #endif
  94:Drivers/CMSIS/Include/cmsis_gcc.h **** #ifndef   __UNALIGNED_UINT32_WRITE
  95:Drivers/CMSIS/Include/cmsis_gcc.h ****   #pragma GCC diagnostic push
  96:Drivers/CMSIS/Include/cmsis_gcc.h ****   #pragma GCC diagnostic ignored "-Wpacked"
  97:Drivers/CMSIS/Include/cmsis_gcc.h ****   #pragma GCC diagnostic ignored "-Wattributes"
  98:Drivers/CMSIS/Include/cmsis_gcc.h ****   __PACKED_STRUCT T_UINT32_WRITE { uint32_t v; };
  99:Drivers/CMSIS/Include/cmsis_gcc.h ****   #pragma GCC diagnostic pop
 100:Drivers/CMSIS/Include/cmsis_gcc.h ****   #define __UNALIGNED_UINT32_WRITE(addr, val)    (void)((((struct T_UINT32_WRITE *)(void *)(addr))-
 101:Drivers/CMSIS/Include/cmsis_gcc.h **** #endif
 102:Drivers/CMSIS/Include/cmsis_gcc.h **** #ifndef   __UNALIGNED_UINT32_READ
 103:Drivers/CMSIS/Include/cmsis_gcc.h ****   #pragma GCC diagnostic push
 104:Drivers/CMSIS/Include/cmsis_gcc.h ****   #pragma GCC diagnostic ignored "-Wpacked"
 105:Drivers/CMSIS/Include/cmsis_gcc.h ****   #pragma GCC diagnostic ignored "-Wattributes"
 106:Drivers/CMSIS/Include/cmsis_gcc.h ****   __PACKED_STRUCT T_UINT32_READ { uint32_t v; };
 107:Drivers/CMSIS/Include/cmsis_gcc.h ****   #pragma GCC diagnostic pop
 108:Drivers/CMSIS/Include/cmsis_gcc.h ****   #define __UNALIGNED_UINT32_READ(addr)          (((const struct T_UINT32_READ *)(const void *)(add
 109:Drivers/CMSIS/Include/cmsis_gcc.h **** #endif
 110:Drivers/CMSIS/Include/cmsis_gcc.h **** #ifndef   __ALIGNED
 111:Drivers/CMSIS/Include/cmsis_gcc.h ****   #define __ALIGNED(x)                           __attribute__((aligned(x)))
 112:Drivers/CMSIS/Include/cmsis_gcc.h **** #endif
 113:Drivers/CMSIS/Include/cmsis_gcc.h **** #ifndef   __RESTRICT
 114:Drivers/CMSIS/Include/cmsis_gcc.h ****   #define __RESTRICT                             __restrict
 115:Drivers/CMSIS/Include/cmsis_gcc.h **** #endif
 116:Drivers/CMSIS/Include/cmsis_gcc.h **** 
 117:Drivers/CMSIS/Include/cmsis_gcc.h **** 
 118:Drivers/CMSIS/Include/cmsis_gcc.h **** /* ###########################  Core Function Access  ########################### */
 119:Drivers/CMSIS/Include/cmsis_gcc.h **** /** \ingroup  CMSIS_Core_FunctionInterface
 120:Drivers/CMSIS/Include/cmsis_gcc.h ****     \defgroup CMSIS_Core_RegAccFunctions CMSIS Core Register Access Functions
 121:Drivers/CMSIS/Include/cmsis_gcc.h ****   @{
 122:Drivers/CMSIS/Include/cmsis_gcc.h ****  */
 123:Drivers/CMSIS/Include/cmsis_gcc.h **** 
 124:Drivers/CMSIS/Include/cmsis_gcc.h **** /**
 125:Drivers/CMSIS/Include/cmsis_gcc.h ****   \brief   Enable IRQ Interrupts
 126:Drivers/CMSIS/Include/cmsis_gcc.h ****   \details Enables IRQ interrupts by clearing the I-bit in the CPSR.
 127:Drivers/CMSIS/Include/cmsis_gcc.h ****            Can only be executed in Privileged modes.
 128:Drivers/CMSIS/Include/cmsis_gcc.h ****  */
 129:Drivers/CMSIS/Include/cmsis_gcc.h **** __STATIC_FORCEINLINE void __enable_irq(void)
 130:Drivers/CMSIS/Include/cmsis_gcc.h **** {
 131:Drivers/CMSIS/Include/cmsis_gcc.h ****   __ASM volatile ("cpsie i" : : : "memory");
 132:Drivers/CMSIS/Include/cmsis_gcc.h **** }
 133:Drivers/CMSIS/Include/cmsis_gcc.h **** 
 134:Drivers/CMSIS/Include/cmsis_gcc.h **** 
 135:Drivers/CMSIS/Include/cmsis_gcc.h **** /**
 136:Drivers/CMSIS/Include/cmsis_gcc.h ****   \brief   Disable IRQ Interrupts
 137:Drivers/CMSIS/Include/cmsis_gcc.h ****   \details Disables IRQ interrupts by setting the I-bit in the CPSR.
 138:Drivers/CMSIS/Include/cmsis_gcc.h ****            Can only be executed in Privileged modes.
 139:Drivers/CMSIS/Include/cmsis_gcc.h ****  */
 140:Drivers/CMSIS/Include/cmsis_gcc.h **** __STATIC_FORCEINLINE void __disable_irq(void)
 141:Drivers/CMSIS/Include/cmsis_gcc.h **** {
 142:Drivers/CMSIS/Include/cmsis_gcc.h ****   __ASM volatile ("cpsid i" : : : "memory");
  35              		.loc 2 142 0
  36              		.syntax unified
  37              	@ 142 "Drivers/CMSIS/Include/cmsis_gcc.h" 1
  38 0000 72B6     		cpsid i
ARM GAS  /tmp/cc7PDJ7M.s 			page 5


  39              	@ 0 "" 2
  40              		.thumb
  41              		.syntax unified
  42              	.L2:
  43 0002 FEE7     		b	.L2
  44              	.LBE5:
  45              	.LBE4:
  46              		.cfi_endproc
  47              	.LFE66:
  49              		.section	.text.sys_stm32_clock_init,"ax",%progbits
  50              		.align	1
  51              		.global	sys_stm32_clock_init
  52              		.syntax unified
  53              		.thumb
  54              		.thumb_func
  55              		.fpu softvfp
  57              	sys_stm32_clock_init:
  58              	.LFB65:
  10:System/Src/sys.c ****     RCC_OscInitTypeDef RCC_OscInitStruct = {0};
  59              		.loc 1 10 0
  60              		.cfi_startproc
  61              		@ args = 0, pretend = 0, frame = 64
  62              		@ frame_needed = 0, uses_anonymous_args = 0
  63 0000 00B5     		push	{lr}
  64              	.LCFI0:
  65              		.cfi_def_cfa_offset 4
  66              		.cfi_offset 14, -4
  67 0002 91B0     		sub	sp, sp, #68
  68              	.LCFI1:
  69              		.cfi_def_cfa_offset 72
  11:System/Src/sys.c ****     RCC_ClkInitTypeDef RCC_ClkInitStruct = {0};
  70              		.loc 1 11 0
  71 0004 2822     		movs	r2, #40
  72 0006 0021     		movs	r1, #0
  73 0008 06A8     		add	r0, sp, #24
  74 000a FFF7FEFF 		bl	memset
  75              	.LVL0:
  12:System/Src/sys.c **** 
  76              		.loc 1 12 0
  77 000e 0023     		movs	r3, #0
  78 0010 0193     		str	r3, [sp, #4]
  79 0012 0293     		str	r3, [sp, #8]
  80 0014 0393     		str	r3, [sp, #12]
  81 0016 0493     		str	r3, [sp, #16]
  82 0018 0593     		str	r3, [sp, #20]
  17:System/Src/sys.c ****     RCC_OscInitStruct.HSIState = RCC_HSI_ON;
  83              		.loc 1 17 0
  84 001a 0223     		movs	r3, #2
  85 001c 0693     		str	r3, [sp, #24]
  18:System/Src/sys.c ****     RCC_OscInitStruct.HSICalibrationValue = RCC_HSICALIBRATION_DEFAULT;
  86              		.loc 1 18 0
  87 001e 0123     		movs	r3, #1
  88 0020 0A93     		str	r3, [sp, #40]
  19:System/Src/sys.c ****     RCC_OscInitStruct.PLL.PLLState = RCC_PLL_NONE;
  89              		.loc 1 19 0
  90 0022 1023     		movs	r3, #16
  91 0024 0B93     		str	r3, [sp, #44]
ARM GAS  /tmp/cc7PDJ7M.s 			page 6


  21:System/Src/sys.c ****     {
  92              		.loc 1 21 0
  93 0026 06A8     		add	r0, sp, #24
  94 0028 FFF7FEFF 		bl	HAL_RCC_OscConfig
  95              	.LVL1:
  96 002c 68B9     		cbnz	r0, .L7
  28:System/Src/sys.c ****     RCC_ClkInitStruct.SYSCLKSource = RCC_SYSCLKSOURCE_HSI;
  97              		.loc 1 28 0
  98 002e 0F23     		movs	r3, #15
  99 0030 0193     		str	r3, [sp, #4]
  29:System/Src/sys.c ****     RCC_ClkInitStruct.AHBCLKDivider = RCC_SYSCLK_DIV1;
 100              		.loc 1 29 0
 101 0032 0021     		movs	r1, #0
 102 0034 0291     		str	r1, [sp, #8]
  30:System/Src/sys.c ****     RCC_ClkInitStruct.APB1CLKDivider = RCC_HCLK_DIV1;
 103              		.loc 1 30 0
 104 0036 0391     		str	r1, [sp, #12]
  31:System/Src/sys.c ****     RCC_ClkInitStruct.APB2CLKDivider = RCC_HCLK_DIV1;
 105              		.loc 1 31 0
 106 0038 0491     		str	r1, [sp, #16]
  32:System/Src/sys.c **** 
 107              		.loc 1 32 0
 108 003a 0591     		str	r1, [sp, #20]
  34:System/Src/sys.c ****     {
 109              		.loc 1 34 0
 110 003c 01A8     		add	r0, sp, #4
 111 003e FFF7FEFF 		bl	HAL_RCC_ClockConfig
 112              	.LVL2:
 113 0042 20B9     		cbnz	r0, .L8
  38:System/Src/sys.c **** 
 114              		.loc 1 38 0
 115 0044 11B0     		add	sp, sp, #68
 116              	.LCFI2:
 117              		.cfi_remember_state
 118              		.cfi_def_cfa_offset 4
 119              		@ sp needed
 120 0046 5DF804FB 		ldr	pc, [sp], #4
 121              	.L7:
 122              	.LCFI3:
 123              		.cfi_restore_state
  23:System/Src/sys.c ****     }
 124              		.loc 1 23 0
 125 004a FFF7FEFF 		bl	Error_Handler
 126              	.LVL3:
 127              	.L8:
  36:System/Src/sys.c ****     }
 128              		.loc 1 36 0
 129 004e FFF7FEFF 		bl	Error_Handler
 130              	.LVL4:
 131              		.cfi_endproc
 132              	.LFE65:
 134              		.text
 135              	.Letext0:
 136              		.file 3 "/usr/include/newlib/machine/_default_types.h"
 137              		.file 4 "/usr/include/newlib/sys/_stdint.h"
 138              		.file 5 "Drivers/CMSIS/Include/core_cm3.h"
 139              		.file 6 "Drivers/CMSIS/Device/ST/STM32F1xx/Include/system_stm32f1xx.h"
ARM GAS  /tmp/cc7PDJ7M.s 			page 7


 140              		.file 7 "Drivers/STM32F1xx_HAL_Driver/Inc/stm32f1xx_hal_rcc.h"
 141              		.file 8 "Drivers/STM32F1xx_HAL_Driver/Inc/stm32f1xx_hal_rcc_ex.h"
 142              		.file 9 "Drivers/STM32F1xx_HAL_Driver/Inc/stm32f1xx_hal_def.h"
 143              		.file 10 "Drivers/STM32F1xx_HAL_Driver/Inc/stm32f1xx_hal.h"
ARM GAS  /tmp/cc7PDJ7M.s 			page 8


DEFINED SYMBOLS
                            *ABS*:0000000000000000 sys.c
     /tmp/cc7PDJ7M.s:16     .text.Error_Handler:0000000000000000 $t
     /tmp/cc7PDJ7M.s:23     .text.Error_Handler:0000000000000000 Error_Handler
     /tmp/cc7PDJ7M.s:50     .text.sys_stm32_clock_init:0000000000000000 $t
     /tmp/cc7PDJ7M.s:57     .text.sys_stm32_clock_init:0000000000000000 sys_stm32_clock_init
                     .debug_frame:0000000000000010 $d

UNDEFINED SYMBOLS
memset
HAL_RCC_OscConfig
HAL_RCC_ClockConfig
